Beranuy
San Miguel del Cinca
Huérguina (La)
Valle de Altomira (El)
Real Sitio de San Ildefonso
Corrales del Vino
Fogars de la Selva
Vimbodí i Poblet
San Cristovo de Cea
Horcajo de la Sierra-Aoslos
Ancín/Antzin
Ansoáin/Antsoain
Ayegui/Aiegi
Cirauqui/Zirauki
Ciriza/Ziritza
Enériz/Eneritz
Esparza de Salazar/Espartza Zaraitzu
Gallipienzo/Galipentzu
Guesálaz/Gesalatz
Leoz/Leotz
Lizoáin-Arriasgoiti
Monreal/Elo
Navascués/Nabaskoze
Ochagavía/Otsagabia
Olite/Erriberri
Olóriz/Oloritz
Cendea de Olza/Oltza Zendea
Oronz/Orontze
Salinas de Oro/Jaitz
Unzué/Untzue
Urzainqui/Urzainki
Valle de Yerri/Deierri
Zabalza/Zabaltza
Ajamil de Cameros
Fondó de les Neus (El)/Hondón de las Nieves
Vall d'Ebo (La)
Torre d'en Doménec (La)
Sant Joanet
91  Mont-ral
El Fondó de les Neus/Hondón de las Nieves
La Vall d'Ebo
